[[32minfo[39m 2025-11-22 09:39:48] [32m[DeployGuild] ✅ コマンド読み込み: 設定[39m
[[32minfo[39m 2025-11-22 09:39:48] [32m[DeployGuild] ✅ コマンド読み込み: 設定経費[39m
[[32minfo[39m 2025-11-22 09:39:48] [32m[DeployGuild] ✅ コマンド読み込み: 設定売上[39m
[[32minfo[39m 2025-11-22 09:39:48] [32m[DeployGuild] ✅ コマンド読み込み: 設定kpi[39m
[[32minfo[39m 2025-11-22 09:39:48] [32m[DeployGuild] ✅ コマンド読み込み: 設定出退勤[39m
[[32minfo[39m 2025-11-22 09:39:48] [32m[DeployGuild] ✅ コマンド読み込み: 設定店内状況_ひっかけ一覧[39m
[[33mwarn[39m 2025-11-22 09:39:48] [33m[DeployGuild] ⚠️ data未定義コマンド: 16_設定接客ログ.js[39m
[[33mwarn[39m 2025-11-22 09:39:48] [33m[DeployGuild] ⚠️ data未定義コマンド: 20_設定chat_gpt.js[39m
[[33mwarn[39m 2025-11-22 09:39:48] [33m[DeployGuild] ⚠️ data未定義コマンド: 90_メッセージ.js[39m
[[33mwarn[39m 2025-11-22 09:39:48] [33m[DeployGuild] ⚠️ data未定義コマンド: 97_ダイス.js[39m
[[32minfo[39m 2025-11-22 09:39:48] [32m[DeployGuild] ✅ コマンド読み込み: 設定くじ引き[39m
[[33mwarn[39m 2025-11-22 09:39:48] [33m[DeployGuild] ⚠️ data未定義コマンド: 99_設定level.js[39m
[[32minfo[39m 2025-11-22 09:39:48] [32m[DeployGuild] 📦 合計 7 件のコマンドをロード完了[39m
[[32minfo[39m 2025-11-22 09:39:48] [32m✅ コマンド登録: /設定[39m
[[32minfo[39m 2025-11-22 09:39:48] [32m✅ コマンド登録: /設定経費[39m
[[32minfo[39m 2025-11-22 09:39:48] [32m✅ コマンド登録: /設定売上[39m
[[32minfo[39m 2025-11-22 09:39:48] [32m✅ コマンド登録: /設定kpi[39m
[[32minfo[39m 2025-11-22 09:39:48] [32m✅ コマンド登録: /設定出退勤[39m
[[32minfo[39m 2025-11-22 09:39:48] [32m✅ コマンド登録: /設定店内状況_ひっかけ一覧[39m
[[33mwarn[39m 2025-11-22 09:39:48] [33m⚠️ [16_設定接客ログ.js] は data または execute プロパティが不足しています。[39m
[[33mwarn[39m 2025-11-22 09:39:48] [33m⚠️ [20_設定chat_gpt.js] は data または execute プロパティが不足しています。[39m
[[33mwarn[39m 2025-11-22 09:39:48] [33m⚠️ [90_メッセージ.js] は data または execute プロパティが不足しています。[39m
[[33mwarn[39m 2025-11-22 09:39:48] [33m⚠️ [97_ダイス.js] は data または execute プロパティが不足しています。[39m
[[32minfo[39m 2025-11-22 09:39:48] [32m✅ コマンド登録: /設定くじ引き[39m
[[33mwarn[39m 2025-11-22 09:39:48] [33m⚠️ [99_設定level.js] は data または execute プロパティが不足しています。[39m
[[32minfo[39m 2025-11-22 09:39:48] [32m📡 イベント登録: interactionCreate[39m
[[32minfo[39m 2025-11-22 09:39:48] [32m📡 イベント登録: clientReady[39m
[[32minfo[39m 2025-11-22 09:39:48] [32m📜 7個のギルドコマンドを登録します...[39m
[[32minfo[39m 2025-11-22 09:39:48] [32m✅ ギルド [1432111625787277604] に 7個のコマンドを登録しました。[39m
[[32minfo[39m 2025-11-22 09:39:49] [32m✅ ギルド [1412549933365592127] に 7個のコマンドを登録しました。[39m
[[32minfo[39m 2025-11-22 09:39:50] [32m🚀 Expressサーバーがポート 8080 で起動しました[39m
[[32minfo[39m 2025-11-22 09:39:50] [32m✅ ログイン完了: ナイトワーク向け 業務改善bot#5220 | 接続ギルド数: 4[39m
[[32minfo[39m 2025-11-22 09:39:50] [32m💾 ローカル保存モード有効（GCS無効 or 設定なし）[39m
[[32minfo[39m 2025-11-22 09:39:50] [32m🔧 全ギルド設定マイグレーション開始…[39m
[[32minfo[39m 2025-11-22 09:39:50] [32m🔍 マイグレーション対象ギルド: 1件[39m
[[33mwarn[39m 2025-11-22 09:39:50] [33m[migrate] GCS → 古い設定(config.json)に店舗情報が見つからないためスキップ[39m
[[32minfo[39m 2025-11-22 09:39:50] [32m🎉 全ギルドの店舗_役職_ロール.json マイグレーション完了[39m
[[32minfo[39m 2025-11-22 09:39:50] [32m🕒 node-cron スケジュール起動（開発モード）[39m
[[32minfo[39m 2025-11-22 09:39:50] [32m⏰ 出退勤自動通知cron 起動済み[39m
[[32minfo[39m 2025-11-22 09:39:50] [32m🌐 環境: development | GUILD_ID: 1432111625787277604,1412549933365592127[39m
[[32minfo[39m 2025-11-22 09:39:56] [32m[DeployGuild] ✅ コマンド読み込み: 設定[39m
[[32minfo[39m 2025-11-22 09:39:56] [32m[DeployGuild] ✅ コマンド読み込み: 設定経費[39m
[[32minfo[39m 2025-11-22 09:39:56] [32m[DeployGuild] ✅ コマンド読み込み: 設定売上[39m
[[32minfo[39m 2025-11-22 09:39:56] [32m[DeployGuild] ✅ コマンド読み込み: 設定kpi[39m
[[32minfo[39m 2025-11-22 09:39:56] [32m[DeployGuild] ✅ コマンド読み込み: 設定出退勤[39m
[[32minfo[39m 2025-11-22 09:39:56] [32m[DeployGuild] ✅ コマンド読み込み: 設定店内状況_ひっかけ一覧[39m
[[33mwarn[39m 2025-11-22 09:39:56] [33m[DeployGuild] ⚠️ data未定義コマンド: 16_設定接客ログ.js[39m
[[33mwarn[39m 2025-11-22 09:39:56] [33m[DeployGuild] ⚠️ data未定義コマンド: 20_設定chat_gpt.js[39m
[[33mwarn[39m 2025-11-22 09:39:56] [33m[DeployGuild] ⚠️ data未定義コマンド: 90_メッセージ.js[39m
[[33mwarn[39m 2025-11-22 09:39:56] [33m[DeployGuild] ⚠️ data未定義コマンド: 97_ダイス.js[39m
[[32minfo[39m 2025-11-22 09:39:56] [32m[DeployGuild] ✅ コマンド読み込み: 設定くじ引き[39m
[[33mwarn[39m 2025-11-22 09:39:56] [33m[DeployGuild] ⚠️ data未定義コマンド: 99_設定level.js[39m
[[32minfo[39m 2025-11-22 09:39:56] [32m[DeployGuild] 📦 合計 7 件のコマンドをロード完了[39m
[[32minfo[39m 2025-11-22 09:39:56] [32m✅ コマンド登録: /設定[39m
[[32minfo[39m 2025-11-22 09:39:56] [32m✅ コマンド登録: /設定経費[39m
[[32minfo[39m 2025-11-22 09:39:56] [32m✅ コマンド登録: /設定売上[39m
[[32minfo[39m 2025-11-22 09:39:56] [32m✅ コマンド登録: /設定kpi[39m
[[32minfo[39m 2025-11-22 09:39:56] [32m✅ コマンド登録: /設定出退勤[39m
[[32minfo[39m 2025-11-22 09:39:56] [32m✅ コマンド登録: /設定店内状況_ひっかけ一覧[39m
[[33mwarn[39m 2025-11-22 09:39:56] [33m⚠️ [16_設定接客ログ.js] は data または execute プロパティが不足しています。[39m
[[33mwarn[39m 2025-11-22 09:39:56] [33m⚠️ [20_設定chat_gpt.js] は data または execute プロパティが不足しています。[39m
[[33mwarn[39m 2025-11-22 09:39:56] [33m⚠️ [90_メッセージ.js] は data または execute プロパティが不足しています。[39m
[[33mwarn[39m 2025-11-22 09:39:56] [33m⚠️ [97_ダイス.js] は data または execute プロパティが不足しています。[39m
[[32minfo[39m 2025-11-22 09:39:56] [32m✅ コマンド登録: /設定くじ引き[39m
[[33mwarn[39m 2025-11-22 09:39:56] [33m⚠️ [99_設定level.js] は data または execute プロパティが不足しています。[39m
[[32minfo[39m 2025-11-22 09:39:56] [32m📡 イベント登録: interactionCreate[39m
[[32minfo[39m 2025-11-22 09:39:56] [32m📡 イベント登録: clientReady[39m
[[32minfo[39m 2025-11-22 09:39:56] [32m📜 7個のギルドコマンドを登録します...[39m
[[32minfo[39m 2025-11-22 09:39:57] [32m✅ ギルド [1432111625787277604] に 7個のコマンドを登録しました。[39m
[[32minfo[39m 2025-11-22 09:39:57] [32m✅ ギルド [1412549933365592127] に 7個のコマンドを登録しました。[39m
[[32minfo[39m 2025-11-22 09:39:58] [32m🚀 Expressサーバーがポート 8080 で起動しました[39m
[[32minfo[39m 2025-11-22 09:39:59] [32m✅ ログイン完了: ナイトワーク向け 業務改善bot#5220 | 接続ギルド数: 4[39m
[[32minfo[39m 2025-11-22 09:39:59] [32m💾 ローカル保存モード有効（GCS無効 or 設定なし）[39m
[[32minfo[39m 2025-11-22 09:39:59] [32m🔧 全ギルド設定マイグレーション開始…[39m
[[32minfo[39m 2025-11-22 09:39:59] [32m🔍 マイグレーション対象ギルド: 1件[39m
[[33mwarn[39m 2025-11-22 09:39:59] [33m[migrate] GCS → 古い設定(config.json)に店舗情報が見つからないためスキップ[39m
[[32minfo[39m 2025-11-22 09:39:59] [32m🎉 全ギルドの店舗_役職_ロール.json マイグレーション完了[39m
[[32minfo[39m 2025-11-22 09:39:59] [32m🕒 node-cron スケジュール起動（開発モード）[39m
[[32minfo[39m 2025-11-22 09:39:59] [32m⏰ 出退勤自動通知cron 起動済み[39m
[[32minfo[39m 2025-11-22 09:39:59] [32m🌐 環境: development | GUILD_ID: 1432111625787277604,1412549933365592127[39m
[[32minfo[39m 2025-11-22 09:40:04] [32m[DeployGuild] ✅ コマンド読み込み: 設定[39m
[[32minfo[39m 2025-11-22 09:40:04] [32m[DeployGuild] ✅ コマンド読み込み: 設定経費[39m
[[32minfo[39m 2025-11-22 09:40:04] [32m[DeployGuild] ✅ コマンド読み込み: 設定売上[39m
[[32minfo[39m 2025-11-22 09:40:04] [32m[DeployGuild] ✅ コマンド読み込み: 設定kpi[39m
[[32minfo[39m 2025-11-22 09:40:04] [32m[DeployGuild] ✅ コマンド読み込み: 設定出退勤[39m
[[32minfo[39m 2025-11-22 09:40:04] [32m[DeployGuild] ✅ コマンド読み込み: 設定店内状況_ひっかけ一覧[39m
[[33mwarn[39m 2025-11-22 09:40:04] [33m[DeployGuild] ⚠️ data未定義コマンド: 16_設定接客ログ.js[39m
[[33mwarn[39m 2025-11-22 09:40:04] [33m[DeployGuild] ⚠️ data未定義コマンド: 20_設定chat_gpt.js[39m
[[33mwarn[39m 2025-11-22 09:40:04] [33m[DeployGuild] ⚠️ data未定義コマンド: 90_メッセージ.js[39m
[[33mwarn[39m 2025-11-22 09:40:04] [33m[DeployGuild] ⚠️ data未定義コマンド: 97_ダイス.js[39m
[[32minfo[39m 2025-11-22 09:40:04] [32m[DeployGuild] ✅ コマンド読み込み: 設定くじ引き[39m
[[33mwarn[39m 2025-11-22 09:40:04] [33m[DeployGuild] ⚠️ data未定義コマンド: 99_設定level.js[39m
[[32minfo[39m 2025-11-22 09:40:04] [32m[DeployGuild] 📦 合計 7 件のコマンドをロード完了[39m
[[32minfo[39m 2025-11-22 09:40:04] [32m✅ コマンド登録: /設定[39m
[[32minfo[39m 2025-11-22 09:40:04] [32m✅ コマンド登録: /設定経費[39m
[[32minfo[39m 2025-11-22 09:40:04] [32m✅ コマンド登録: /設定売上[39m
[[32minfo[39m 2025-11-22 09:40:04] [32m✅ コマンド登録: /設定kpi[39m
[[32minfo[39m 2025-11-22 09:40:04] [32m✅ コマンド登録: /設定出退勤[39m
[[32minfo[39m 2025-11-22 09:40:04] [32m✅ コマンド登録: /設定店内状況_ひっかけ一覧[39m
[[33mwarn[39m 2025-11-22 09:40:04] [33m⚠️ [16_設定接客ログ.js] は data または execute プロパティが不足しています。[39m
[[33mwarn[39m 2025-11-22 09:40:04] [33m⚠️ [20_設定chat_gpt.js] は data または execute プロパティが不足しています。[39m
[[33mwarn[39m 2025-11-22 09:40:04] [33m⚠️ [90_メッセージ.js] は data または execute プロパティが不足しています。[39m
[[33mwarn[39m 2025-11-22 09:40:04] [33m⚠️ [97_ダイス.js] は data または execute プロパティが不足しています。[39m
[[32minfo[39m 2025-11-22 09:40:04] [32m✅ コマンド登録: /設定くじ引き[39m
[[33mwarn[39m 2025-11-22 09:40:04] [33m⚠️ [99_設定level.js] は data または execute プロパティが不足しています。[39m
[[32minfo[39m 2025-11-22 09:40:04] [32m📡 イベント登録: interactionCreate[39m
[[32minfo[39m 2025-11-22 09:40:04] [32m📡 イベント登録: clientReady[39m
[[32minfo[39m 2025-11-22 09:40:04] [32m📜 7個のギルドコマンドを登録します...[39m
[[32minfo[39m 2025-11-22 09:40:49] [32m✅ ギルド [1432111625787277604] に 7個のコマンドを登録しました。[39m
[[32minfo[39m 2025-11-22 09:40:49] [32m✅ ギルド [1412549933365592127] に 7個のコマンドを登録しました。[39m
[[32minfo[39m 2025-11-22 09:40:50] [32m🚀 Expressサーバーがポート 8080 で起動しました[39m
[[32minfo[39m 2025-11-22 09:40:50] [32m✅ ログイン完了: ナイトワーク向け 業務改善bot#5220 | 接続ギルド数: 4[39m
[[32minfo[39m 2025-11-22 09:40:50] [32m💾 ローカル保存モード有効（GCS無効 or 設定なし）[39m
[[32minfo[39m 2025-11-22 09:40:50] [32m🔧 全ギルド設定マイグレーション開始…[39m
[[32minfo[39m 2025-11-22 09:40:50] [32m🔍 マイグレーション対象ギルド: 1件[39m
[[33mwarn[39m 2025-11-22 09:40:50] [33m[migrate] GCS → 古い設定(config.json)に店舗情報が見つからないためスキップ[39m
[[32minfo[39m 2025-11-22 09:40:50] [32m🎉 全ギルドの店舗_役職_ロール.json マイグレーション完了[39m
[[32minfo[39m 2025-11-22 09:40:50] [32m🕒 node-cron スケジュール起動（開発モード）[39m
[[32minfo[39m 2025-11-22 09:40:50] [32m⏰ 出退勤自動通知cron 起動済み[39m
[[32minfo[39m 2025-11-22 09:40:50] [32m🌐 環境: development | GUILD_ID: 1432111625787277604,1412549933365592127[39m
[[32minfo[39m 2025-11-22 09:41:28] [32m[ナイトワーク向け業務改善bot] ボタン > config_user_register by redstar.hr (1234776936648146985)[39m
[[32minfo[39m 2025-11-22 09:41:32] [32m[ナイトワーク向け業務改善bot] リスト > CONFIG_USER_SELECT_MEMBER by redstar.hr (1234776936648146985)[39m
[[32minfo[39m 2025-11-22 09:41:36] [32m[ナイトワーク向け業務改善bot] ボタン > CONFIG_USER_GOTO_POSITION_1234776936648146985_redstar by redstar.hr (1234776936648146985)[39m
[[32minfo[39m 2025-11-22 09:41:38] [32m[ナイトワーク向け業務改善bot] ボタン > CONFIG_USER_GOTO_BIRTH_YEAR_1234776936648146985_redstar_経費閲覧 by redstar.hr (1234776936648146985)[39m
[[32minfo[39m 2025-11-22 09:41:42] [32m[ナイトワーク向け業務改善bot] ボタン > CONFIG_USER_SELECT_BIRTH_YEAR_EXTRA_1234776936648146985_redstar_経費閲覧 by redstar.hr (1234776936648146985)[39m
[[32minfo[39m 2025-11-22 09:41:45] [32m[ナイトワーク向け業務改善bot] リスト > CONFIG_USER_SELECT_BIRTH_YEAR_EXTRA_1234776936648146985_redstar_経費閲覧 by redstar.hr (1234776936648146985)[39m
[[32minfo[39m 2025-11-22 09:41:48] [32m[ナイトワーク向け業務改善bot] リスト > CONFIG_USER_SELECT_BIRTH_MONTH_EXTRA_1234776936648146985_redstar_経費閲覧_1980 by redstar.hr (1234776936648146985)[39m
[[32minfo[39m 2025-11-22 09:41:56] [32m[ナイトワーク向け業務改善bot] リスト > CONFIG_USER_SELECT_BIRTH_DAY_EXTRA_1234776936648146985_redstar_経費閲覧_1980_1_1 by redstar.hr (1234776936648146985)[39m
[[32minfo[39m 2025-11-22 09:41:58] [32m[ナイトワーク向け業務改善bot] モーダル > CONFIG_USER_INFO_MODAL_EXTRA_1234776936648146985_redstar_経費閲覧_1980_1_2 by redstar.hr (1234776936648146985)[39m
[[32minfo[39m 2025-11-22 09:41:59] [32m[configLogger] [ナイトワーク向け業務改善bot] ユーザー情報更新ログ出力: redstar.hr[39m
[[32minfo[39m 2025-11-22 09:42:11] [32m[ナイトワーク向け業務改善bot] ボタン > config_user_register by redstar.hr (1234776936648146985)[39m
[[32minfo[39m 2025-11-22 09:42:14] [32m[ナイトワーク向け業務改善bot] リスト > CONFIG_USER_SELECT_MEMBER by redstar.hr (1234776936648146985)[39m
[[32minfo[39m 2025-11-22 09:42:16] [32m[ナイトワーク向け業務改善bot] ボタン > CONFIG_USER_GOTO_POSITION_1234776936648146985_redstar by redstar.hr (1234776936648146985)[39m
[[32minfo[39m 2025-11-22 09:42:19] [32m[ナイトワーク向け業務改善bot] ボタン > CONFIG_USER_GOTO_BIRTH_YEAR_1234776936648146985_redstar_経費閲覧 by redstar.hr (1234776936648146985)[39m
[[32minfo[39m 2025-11-22 09:42:22] [32m[ナイトワーク向け業務改善bot] ボタン > CONFIG_USER_SELECT_BIRTH_YEAR_EXTRA_1234776936648146985_redstar_経費閲覧 by redstar.hr (1234776936648146985)[39m
[[32minfo[39m 2025-11-22 09:42:25] [32m[ナイトワーク向け業務改善bot] リスト > CONFIG_USER_SELECT_BIRTH_YEAR_EXTRA_1234776936648146985_redstar_経費閲覧 by redstar.hr (1234776936648146985)[39m
[[32minfo[39m 2025-11-22 09:42:28] [32m[ナイトワーク向け業務改善bot] リスト > CONFIG_USER_SELECT_BIRTH_MONTH_EXTRA_1234776936648146985_redstar_経費閲覧_1980 by redstar.hr (1234776936648146985)[39m
[[32minfo[39m 2025-11-22 09:42:30] [32m[ナイトワーク向け業務改善bot] リスト > CONFIG_USER_SELECT_BIRTH_DAY_EXTRA_1234776936648146985_redstar_経費閲覧_1980_1_1 by redstar.hr (1234776936648146985)[39m
[[32minfo[39m 2025-11-22 09:42:32] [32m[ナイトワーク向け業務改善bot] モーダル > CONFIG_USER_INFO_MODAL_EXTRA_1234776936648146985_redstar_経費閲覧_1980_1_1 by redstar.hr (1234776936648146985)[39m
[[32minfo[39m 2025-11-22 09:42:33] [32m[configLogger] [ナイトワーク向け業務改善bot] ユーザー情報更新ログ出力: redstar.hr[39m
[[32minfo[39m 2025-11-22 10:08:07] [32m[DeployGuild] ✅ コマンド読み込み: 設定[39m
[[32minfo[39m 2025-11-22 10:08:07] [32m[DeployGuild] ✅ コマンド読み込み: 設定経費[39m
[[32minfo[39m 2025-11-22 10:08:07] [32m[DeployGuild] ✅ コマンド読み込み: 設定売上[39m
[[32minfo[39m 2025-11-22 10:08:07] [32m[DeployGuild] ✅ コマンド読み込み: 設定kpi[39m
[[32minfo[39m 2025-11-22 10:08:07] [32m[DeployGuild] ✅ コマンド読み込み: 設定出退勤[39m
[[32minfo[39m 2025-11-22 10:08:07] [32m[DeployGuild] ✅ コマンド読み込み: 設定店内状況_ひっかけ一覧[39m
[[33mwarn[39m 2025-11-22 10:08:07] [33m[DeployGuild] ⚠️ data未定義コマンド: 16_設定接客ログ.js[39m
[[33mwarn[39m 2025-11-22 10:08:07] [33m[DeployGuild] ⚠️ data未定義コマンド: 20_設定chat_gpt.js[39m
[[33mwarn[39m 2025-11-22 10:08:07] [33m[DeployGuild] ⚠️ data未定義コマンド: 90_メッセージ.js[39m
[[33mwarn[39m 2025-11-22 10:08:07] [33m[DeployGuild] ⚠️ data未定義コマンド: 97_ダイス.js[39m
[[32minfo[39m 2025-11-22 10:08:07] [32m[DeployGuild] ✅ コマンド読み込み: 設定くじ引き[39m
[[33mwarn[39m 2025-11-22 10:08:07] [33m[DeployGuild] ⚠️ data未定義コマンド: 99_設定level.js[39m
[[32minfo[39m 2025-11-22 10:08:07] [32m[DeployGuild] 📦 合計 7 件のコマンドをロード完了[39m
[[32minfo[39m 2025-11-22 10:08:07] [32m✅ コマンド登録: /設定[39m
[[32minfo[39m 2025-11-22 10:08:07] [32m✅ コマンド登録: /設定経費[39m
[[32minfo[39m 2025-11-22 10:08:07] [32m✅ コマンド登録: /設定売上[39m
[[32minfo[39m 2025-11-22 10:08:07] [32m✅ コマンド登録: /設定kpi[39m
[[32minfo[39m 2025-11-22 10:08:07] [32m✅ コマンド登録: /設定出退勤[39m
[[32minfo[39m 2025-11-22 10:08:07] [32m✅ コマンド登録: /設定店内状況_ひっかけ一覧[39m
[[33mwarn[39m 2025-11-22 10:08:07] [33m⚠️ [16_設定接客ログ.js] は data または execute プロパティが不足しています。[39m
[[33mwarn[39m 2025-11-22 10:08:07] [33m⚠️ [20_設定chat_gpt.js] は data または execute プロパティが不足しています。[39m
[[33mwarn[39m 2025-11-22 10:08:07] [33m⚠️ [90_メッセージ.js] は data または execute プロパティが不足しています。[39m
[[33mwarn[39m 2025-11-22 10:08:07] [33m⚠️ [97_ダイス.js] は data または execute プロパティが不足しています。[39m
[[32minfo[39m 2025-11-22 10:08:07] [32m✅ コマンド登録: /設定くじ引き[39m
[[33mwarn[39m 2025-11-22 10:08:07] [33m⚠️ [99_設定level.js] は data または execute プロパティが不足しています。[39m
[[32minfo[39m 2025-11-22 10:08:08] [32m📡 イベント登録: interactionCreate[39m
[[32minfo[39m 2025-11-22 10:08:08] [32m📡 イベント登録: clientReady[39m
[[32minfo[39m 2025-11-22 10:08:08] [32m📜 7個のギルドコマンドを登録します...[39m
[[32minfo[39m 2025-11-22 10:08:08] [32m✅ ギルド [1432111625787277604] に 7個のコマンドを登録しました。[39m
[[32minfo[39m 2025-11-22 10:08:08] [32m✅ ギルド [1412549933365592127] に 7個のコマンドを登録しました。[39m
[[32minfo[39m 2025-11-22 10:08:10] [32m🚀 Expressサーバーがポート 8080 で起動しました[39m
[[32minfo[39m 2025-11-22 10:08:10] [32m✅ ログイン完了: ナイトワーク向け 業務改善bot#5220 | 接続ギルド数: 4[39m
[[32minfo[39m 2025-11-22 10:08:10] [32m💾 ローカル保存モード有効（GCS無効 or 設定なし）[39m
[[32minfo[39m 2025-11-22 10:08:10] [32m🔧 全ギルド設定マイグレーション開始…[39m
[[32minfo[39m 2025-11-22 10:08:10] [32m🔍 マイグレーション対象ギルド: 1件[39m
[[33mwarn[39m 2025-11-22 10:08:10] [33m[migrate] GCS → 古い設定(config.json)に店舗情報が見つからないためスキップ[39m
[[32minfo[39m 2025-11-22 10:08:10] [32m🎉 全ギルドの店舗_役職_ロール.json マイグレーション完了[39m
[[32minfo[39m 2025-11-22 10:08:10] [32m🕒 node-cron スケジュール起動（開発モード）[39m
[[32minfo[39m 2025-11-22 10:08:10] [32m⏰ 出退勤自動通知cron 起動済み[39m
[[32minfo[39m 2025-11-22 10:08:10] [32m🌐 環境: development | GUILD_ID: 1432111625787277604,1412549933365592127[39m
[[32minfo[39m 2025-11-22 10:10:19] [32m[DeployGuild] ✅ コマンド読み込み: 設定[39m
[[32minfo[39m 2025-11-22 10:10:19] [32m[DeployGuild] ✅ コマンド読み込み: 設定経費[39m
[[32minfo[39m 2025-11-22 10:10:19] [32m[DeployGuild] ✅ コマンド読み込み: 設定売上[39m
[[32minfo[39m 2025-11-22 10:10:19] [32m[DeployGuild] ✅ コマンド読み込み: 設定kpi[39m
[[32minfo[39m 2025-11-22 10:10:19] [32m[DeployGuild] ✅ コマンド読み込み: 設定出退勤[39m
[[32minfo[39m 2025-11-22 10:10:19] [32m[DeployGuild] ✅ コマンド読み込み: 設定店内状況_ひっかけ一覧[39m
[[33mwarn[39m 2025-11-22 10:10:19] [33m[DeployGuild] ⚠️ data未定義コマンド: 16_設定接客ログ.js[39m
[[33mwarn[39m 2025-11-22 10:10:19] [33m[DeployGuild] ⚠️ data未定義コマンド: 20_設定chat_gpt.js[39m
[[33mwarn[39m 2025-11-22 10:10:19] [33m[DeployGuild] ⚠️ data未定義コマンド: 90_メッセージ.js[39m
[[33mwarn[39m 2025-11-22 10:10:19] [33m[DeployGuild] ⚠️ data未定義コマンド: 97_ダイス.js[39m
[[32minfo[39m 2025-11-22 10:10:19] [32m[DeployGuild] ✅ コマンド読み込み: 設定くじ引き[39m
[[33mwarn[39m 2025-11-22 10:10:19] [33m[DeployGuild] ⚠️ data未定義コマンド: 99_設定level.js[39m
[[32minfo[39m 2025-11-22 10:10:19] [32m[DeployGuild] 📦 合計 7 件のコマンドをロード完了[39m
[[32minfo[39m 2025-11-22 10:10:19] [32m✅ コマンド登録: /設定[39m
[[32minfo[39m 2025-11-22 10:10:19] [32m✅ コマンド登録: /設定経費[39m
[[32minfo[39m 2025-11-22 10:10:19] [32m✅ コマンド登録: /設定売上[39m
[[32minfo[39m 2025-11-22 10:10:19] [32m✅ コマンド登録: /設定kpi[39m
[[32minfo[39m 2025-11-22 10:10:19] [32m✅ コマンド登録: /設定出退勤[39m
[[32minfo[39m 2025-11-22 10:10:19] [32m✅ コマンド登録: /設定店内状況_ひっかけ一覧[39m
[[33mwarn[39m 2025-11-22 10:10:19] [33m⚠️ [16_設定接客ログ.js] は data または execute プロパティが不足しています。[39m
[[33mwarn[39m 2025-11-22 10:10:19] [33m⚠️ [20_設定chat_gpt.js] は data または execute プロパティが不足しています。[39m
[[33mwarn[39m 2025-11-22 10:10:19] [33m⚠️ [90_メッセージ.js] は data または execute プロパティが不足しています。[39m
[[33mwarn[39m 2025-11-22 10:10:19] [33m⚠️ [97_ダイス.js] は data または execute プロパティが不足しています。[39m
[[32minfo[39m 2025-11-22 10:10:19] [32m✅ コマンド登録: /設定くじ引き[39m
[[33mwarn[39m 2025-11-22 10:10:19] [33m⚠️ [99_設定level.js] は data または execute プロパティが不足しています。[39m
[[32minfo[39m 2025-11-22 10:10:19] [32m📡 イベント登録: interactionCreate[39m
[[32minfo[39m 2025-11-22 10:10:19] [32m📡 イベント登録: clientReady[39m
[[32minfo[39m 2025-11-22 10:10:19] [32m📜 7個のギルドコマンドを登録します...[39m
[[32minfo[39m 2025-11-22 10:10:19] [32m✅ ギルド [1432111625787277604] に 7個のコマンドを登録しました。[39m
[[32minfo[39m 2025-11-22 10:10:20] [32m✅ ギルド [1412549933365592127] に 7個のコマンドを登録しました。[39m
[[32minfo[39m 2025-11-22 10:10:21] [32m🚀 Expressサーバーがポート 8080 で起動しました[39m
[[32minfo[39m 2025-11-22 10:10:21] [32m✅ ログイン完了: ナイトワーク向け 業務改善bot#5220 | 接続ギルド数: 4[39m
[[32minfo[39m 2025-11-22 10:10:21] [32m💾 ローカル保存モード有効（GCS無効 or 設定なし）[39m
[[32minfo[39m 2025-11-22 10:10:21] [32m🔧 全ギルド設定マイグレーション開始…[39m
[[32minfo[39m 2025-11-22 10:10:21] [32m🔍 マイグレーション対象ギルド: 1件[39m
[[33mwarn[39m 2025-11-22 10:10:21] [33m[migrate] GCS → 古い設定(config.json)に店舗情報が見つからないためスキップ[39m
[[32minfo[39m 2025-11-22 10:10:21] [32m🎉 全ギルドの店舗_役職_ロール.json マイグレーション完了[39m
[[32minfo[39m 2025-11-22 10:10:21] [32m🕒 node-cron スケジュール起動（開発モード）[39m
[[32minfo[39m 2025-11-22 10:10:21] [32m⏰ 出退勤自動通知cron 起動済み[39m
[[32minfo[39m 2025-11-22 10:10:21] [32m🌐 環境: development | GUILD_ID: 1432111625787277604,1412549933365592127[39m
[[32minfo[39m 2025-11-22 10:10:35] [32m[DeployGuild] ✅ コマンド読み込み: 設定[39m
[[32minfo[39m 2025-11-22 10:10:35] [32m[DeployGuild] ✅ コマンド読み込み: 設定経費[39m
[[32minfo[39m 2025-11-22 10:10:35] [32m[DeployGuild] ✅ コマンド読み込み: 設定売上[39m
[[32minfo[39m 2025-11-22 10:10:35] [32m[DeployGuild] ✅ コマンド読み込み: 設定kpi[39m
[[32minfo[39m 2025-11-22 10:10:35] [32m[DeployGuild] ✅ コマンド読み込み: 設定出退勤[39m
[[32minfo[39m 2025-11-22 10:10:35] [32m[DeployGuild] ✅ コマンド読み込み: 設定店内状況_ひっかけ一覧[39m
[[33mwarn[39m 2025-11-22 10:10:35] [33m[DeployGuild] ⚠️ data未定義コマンド: 16_設定接客ログ.js[39m
[[33mwarn[39m 2025-11-22 10:10:35] [33m[DeployGuild] ⚠️ data未定義コマンド: 20_設定chat_gpt.js[39m
[[33mwarn[39m 2025-11-22 10:10:35] [33m[DeployGuild] ⚠️ data未定義コマンド: 90_メッセージ.js[39m
[[33mwarn[39m 2025-11-22 10:10:35] [33m[DeployGuild] ⚠️ data未定義コマンド: 97_ダイス.js[39m
[[32minfo[39m 2025-11-22 10:10:35] [32m[DeployGuild] ✅ コマンド読み込み: 設定くじ引き[39m
[[33mwarn[39m 2025-11-22 10:10:35] [33m[DeployGuild] ⚠️ data未定義コマンド: 99_設定level.js[39m
[[32minfo[39m 2025-11-22 10:10:35] [32m[DeployGuild] 📦 合計 7 件のコマンドをロード完了[39m
[[32minfo[39m 2025-11-22 10:10:35] [32m✅ コマンド登録: /設定[39m
[[32minfo[39m 2025-11-22 10:10:35] [32m✅ コマンド登録: /設定経費[39m
[[32minfo[39m 2025-11-22 10:10:35] [32m✅ コマンド登録: /設定売上[39m
[[32minfo[39m 2025-11-22 10:10:35] [32m✅ コマンド登録: /設定kpi[39m
[[32minfo[39m 2025-11-22 10:10:35] [32m✅ コマンド登録: /設定出退勤[39m
[[32minfo[39m 2025-11-22 10:10:35] [32m✅ コマンド登録: /設定店内状況_ひっかけ一覧[39m
[[33mwarn[39m 2025-11-22 10:10:35] [33m⚠️ [16_設定接客ログ.js] は data または execute プロパティが不足しています。[39m
[[33mwarn[39m 2025-11-22 10:10:35] [33m⚠️ [20_設定chat_gpt.js] は data または execute プロパティが不足しています。[39m
[[33mwarn[39m 2025-11-22 10:10:35] [33m⚠️ [90_メッセージ.js] は data または execute プロパティが不足しています。[39m
[[33mwarn[39m 2025-11-22 10:10:35] [33m⚠️ [97_ダイス.js] は data または execute プロパティが不足しています。[39m
[[32minfo[39m 2025-11-22 10:10:35] [32m✅ コマンド登録: /設定くじ引き[39m
[[33mwarn[39m 2025-11-22 10:10:35] [33m⚠️ [99_設定level.js] は data または execute プロパティが不足しています。[39m
[[32minfo[39m 2025-11-22 10:10:35] [32m📡 イベント登録: interactionCreate[39m
[[32minfo[39m 2025-11-22 10:10:35] [32m📡 イベント登録: clientReady[39m
[[32minfo[39m 2025-11-22 10:10:35] [32m📜 7個のギルドコマンドを登録します...[39m
[[32minfo[39m 2025-11-22 10:10:35] [32m✅ ギルド [1432111625787277604] に 7個のコマンドを登録しました。[39m
[[32minfo[39m 2025-11-22 10:10:36] [32m✅ ギルド [1412549933365592127] に 7個のコマンドを登録しました。[39m
[[32minfo[39m 2025-11-22 10:10:37] [32m🚀 Expressサーバーがポート 8080 で起動しました[39m
[[32minfo[39m 2025-11-22 10:10:37] [32m✅ ログイン完了: ナイトワーク向け 業務改善bot#5220 | 接続ギルド数: 4[39m
[[32minfo[39m 2025-11-22 10:10:37] [32m💾 ローカル保存モード有効（GCS無効 or 設定なし）[39m
[[32minfo[39m 2025-11-22 10:10:37] [32m🔧 全ギルド設定マイグレーション開始…[39m
[[32minfo[39m 2025-11-22 10:10:37] [32m🔍 マイグレーション対象ギルド: 1件[39m
[[33mwarn[39m 2025-11-22 10:10:37] [33m[migrate] GCS → 古い設定(config.json)に店舗情報が見つからないためスキップ[39m
[[32minfo[39m 2025-11-22 10:10:37] [32m🎉 全ギルドの店舗_役職_ロール.json マイグレーション完了[39m
[[32minfo[39m 2025-11-22 10:10:37] [32m🕒 node-cron スケジュール起動（開発モード）[39m
[[32minfo[39m 2025-11-22 10:10:37] [32m⏰ 出退勤自動通知cron 起動済み[39m
[[32minfo[39m 2025-11-22 10:10:37] [32m🌐 環境: development | GUILD_ID: 1432111625787277604,1412549933365592127[39m
[[32minfo[39m 2025-11-22 10:17:58] [32m[bot testサーバー] コマンド > 設定 by redstar.hr (1234776936648146985)[39m
[[33mwarn[39m 2025-11-22 10:17:59] [33m非契約ギルドからのコマンド: 1441596309512650904[39m
[[32minfo[39m 2025-11-22 10:52:59] [32m受信シグナル: SIGINT. クライアントを終了します...[39m
